[debug] [2025-07-09T08:52:58.379Z] ----------------------------------------------------------------------
[debug] [2025-07-09T08:52:58.381Z] Command:       C:\Program Files\nodejs\node.exe C:\Users\ahmed\AppData\Roaming\npm\node_modules\firebase-tools\lib\bin\firebase.js init
[debug] [2025-07-09T08:52:58.382Z] CLI Version:   14.9.0
[debug] [2025-07-09T08:52:58.382Z] Platform:      win32
[debug] [2025-07-09T08:52:58.382Z] Node Version:  v22.17.0
[debug] [2025-07-09T08:52:58.382Z] Time:          Wed Jul 09 2025 09:52:58 GMT+0100 (Central European Standard Time)
[debug] [2025-07-09T08:52:58.382Z] ----------------------------------------------------------------------
[debug] 
[debug] [2025-07-09T08:52:58.389Z] > command requires scopes: ["email","openid","https://www.googleapis.com/auth/cloudplatformprojects.readonly","https://www.googleapis.com/auth/firebase","https://www.googleapis.com/auth/cloud-platform"]
[debug] [2025-07-09T08:52:58.389Z] > authorizing via signed-in user (ahmed000zrelli@gmail.com)
[info] 
     ######## #### ########  ######## ########     ###     ######  ########
     ##        ##  ##     ## ##       ##     ##  ##   ##  ##       ##
     ######    ##  ########  ######   ########  #########  ######  ######
     ##        ##  ##    ##  ##       ##     ## ##     ##       ## ##
     ##       #### ##     ## ######## ########  ##     ##  ######  ########

You're about to initialize a Firebase project in this directory:

  C:\Users\ahmed\Downloads\project-20250707T151309Z-1-001 - Copy\project

[debug] [2025-07-09T08:53:18.512Z] ExitPromptError: User force closed the prompt with SIGINT
    at Interface.sigint (C:\Users\ahmed\AppData\Roaming\npm\node_modules\firebase-tools\node_modules\@inquirer\core\dist\commonjs\lib\create-prompt.js:101:37)
    at Interface.emit (node:events:518:28)
    at Interface.emit (node:domain:489:12)
    at [_ttyWrite] [as _ttyWrite] (node:internal/readline/interface:1132:18)
    at ReadStream.onkeypress (node:internal/readline/interface:271:20)
    at ReadStream.emit (node:events:530:35)
    at ReadStream.emit (node:domain:489:12)
    at emitKeys (node:internal/readline/utils:370:14)
    at emitKeys.next (<anonymous>)
    at ReadStream.onData (node:internal/readline/emitKeypressEvents:64:36)
[error] 
[error] Error: An unexpected error has occurred.
